Hmm ... looks like a package
Converting parsed Rd's to LaTeX ..
Creating pdf output from LaTeX ...

This is pdfTeX, Version 3.141592653-2.6-1.40.26 (TeX Live 2024) (preloaded format=pdflatex)
 restricted \write18 enabled.
entering extended mode
LaTeX2e <2023-11-01> patch level 1
L3 programming layer <2024-02-20>
(./Rd2.tex
(/usr/local/texlive/2024/texmf-dist/tex/latex/base/book.cls
Document Class: book 2023/05/17 v1.4n Standard LaTeX document class
(/usr/local/texlive/2024/texmf-dist/tex/latex/base/bk10.clo))
(/Library/Frameworks/R.framework/Resources/share/texmf/tex/latex/Rd.sty
(/usr/local/texlive/2024/texmf-dist/tex/latex/base/ifthen.sty)
(/usr/local/texlive/2024/texmf-dist/tex/generic/iftex/iftex.sty)
(/usr/local/texlive/2024/texmf-dist/tex/latex/tools/longtable.sty)
(/usr/local/texlive/2024/texmf-dist/tex/latex/tools/bm.sty)
(/usr/local/texlive/2024/texmf-dist/tex/latex/base/alltt.sty)
(/usr/local/texlive/2024/texmf-dist/tex/latex/tools/verbatim.sty)
(/usr/local/texlive/2024/texmf-dist/tex/latex/url/url.sty)
(/usr/local/texlive/2024/texmf-dist/tex/latex/base/textcomp.sty)
(/usr/local/texlive/2024/texmf-dist/tex/latex/amsmath/amsmath.sty
For additional information on amsmath, use the `?' option.
(/usr/local/texlive/2024/texmf-dist/tex/latex/amsmath/amstext.sty
(/usr/local/texlive/2024/texmf-dist/tex/latex/amsmath/amsgen.sty))
(/usr/local/texlive/2024/texmf-dist/tex/latex/amsmath/amsbsy.sty)
(/usr/local/texlive/2024/texmf-dist/tex/latex/amsmath/amsopn.sty))
(/usr/local/texlive/2024/texmf-dist/tex/latex/amsfonts/amsfonts.sty)
(/usr/local/texlive/2024/texmf-dist/tex/latex/amsfonts/amssymb.sty)
(/usr/local/texlive/2024/texmf-dist/tex/latex/jknapltx/mathrsfs.sty)
(/usr/local/texlive/2024/texmf-dist/tex/latex/base/fontenc.sty)
(/usr/local/texlive/2024/texmf-dist/tex/latex/psnfss/times.sty)
(/usr/local/texlive/2024/texmf-dist/tex/latex/inconsolata/zi4.sty
`inconsolata-zi4' v1.12, 2019/05/17 Text macros for Inconsolata (msharpe)
(/usr/local/texlive/2024/texmf-dist/tex/latex/xkeyval/xkeyval.sty
(/usr/local/texlive/2024/texmf-dist/tex/generic/xkeyval/xkeyval.tex
(/usr/local/texlive/2024/texmf-dist/tex/generic/xkeyval/xkvutils.tex
(/usr/local/texlive/2024/texmf-dist/tex/generic/xkeyval/keyval.tex)))))
(/usr/local/texlive/2024/texmf-dist/tex/latex/graphics/color.sty
(/usr/local/texlive/2024/texmf-dist/tex/latex/graphics-cfg/color.cfg)
(/usr/local/texlive/2024/texmf-dist/tex/latex/graphics-def/pdftex.def)
(/usr/local/texlive/2024/texmf-dist/tex/latex/graphics/mathcolor.ltx))
(/usr/local/texlive/2024/texmf-dist/tex/latex/hyperref/hyperref.sty
(/usr/local/texlive/2024/texmf-dist/tex/latex/kvsetkeys/kvsetkeys.sty)
(/usr/local/texlive/2024/texmf-dist/tex/generic/kvdefinekeys/kvdefinekeys.sty)
(/usr/local/texlive/2024/texmf-dist/tex/generic/pdfescape/pdfescape.sty
(/usr/local/texlive/2024/texmf-dist/tex/generic/ltxcmds/ltxcmds.sty)
(/usr/local/texlive/2024/texmf-dist/tex/generic/pdftexcmds/pdftexcmds.sty
(/usr/local/texlive/2024/texmf-dist/tex/generic/infwarerr/infwarerr.sty)))
(/usr/local/texlive/2024/texmf-dist/tex/latex/hycolor/hycolor.sty)
(/usr/local/texlive/2024/texmf-dist/tex/latex/auxhook/auxhook.sty)
(/usr/local/texlive/2024/texmf-dist/tex/latex/hyperref/nameref.sty
(/usr/local/texlive/2024/texmf-dist/tex/latex/refcount/refcount.sty)
(/usr/local/texlive/2024/texmf-dist/tex/generic/gettitlestring/gettitlestring.s
ty (/usr/local/texlive/2024/texmf-dist/tex/latex/kvoptions/kvoptions.sty)))
(/usr/local/texlive/2024/texmf-dist/tex/latex/etoolbox/etoolbox.sty)
(/usr/local/texlive/2024/texmf-dist/tex/latex/hyperref/pd1enc.def)
(/usr/local/texlive/2024/texmf-dist/tex/generic/intcalc/intcalc.sty)
(/usr/local/texlive/2024/texmf-dist/tex/latex/hyperref/puenc.def)
(/usr/local/texlive/2024/texmf-dist/tex/generic/bitset/bitset.sty
(/usr/local/texlive/2024/texmf-dist/tex/generic/bigintcalc/bigintcalc.sty))
(/usr/local/texlive/2024/texmf-dist/tex/latex/base/atbegshi-ltx.sty))
(/usr/local/texlive/2024/texmf-dist/tex/latex/hyperref/hpdftex.def
(/usr/local/texlive/2024/texmf-dist/tex/latex/base/atveryend-ltx.sty)
(/usr/local/texlive/2024/texmf-dist/tex/latex/rerunfilecheck/rerunfilecheck.sty

(/usr/local/texlive/2024/texmf-dist/tex/generic/uniquecounter/uniquecounter.sty
)))) (/usr/local/texlive/2024/texmf-dist/tex/latex/base/makeidx.sty)
Writing index file Rd2.idx
(/usr/local/texlive/2024/texmf-dist/tex/latex/psnfss/t1ptm.fd)
(/usr/local/texlive/2024/texmf-dist/tex/latex/l3backend/l3backend-pdftex.def)
No file Rd2.aux.
(/usr/local/texlive/2024/texmf-dist/tex/context/base/mkii/supp-pdf.mkii
[Loading MPS to PDF converter (version 2006.09.02).]
) (/usr/local/texlive/2024/texmf-dist/tex/latex/inconsolata/t1zi4.fd)
No file Rd2.toc.
(/usr/local/texlive/2024/texmf-dist/tex/latex/amsfonts/umsa.fd)
(/usr/local/texlive/2024/texmf-dist/tex/latex/amsfonts/umsb.fd)
(/usr/local/texlive/2024/texmf-dist/tex/latex/jknapltx/ursfs.fd) [1{/usr/local/
texlive/2024/texmf-var/fonts/map/pdftex/updmap/pdftex.map}{/usr/local/texlive/2
024/texmf-dist/fonts/enc/dvips/base/8r.enc}{/usr/local/texlive/2024/texmf-dist/
fonts/enc/dvips/inconsolata/i4-t1-0.enc}]
Overfull \hbox (3.74791pt too wide) in paragraph at lines 69--72
\T1/ptm/m/n/10 by [][]trans-form_binning[][][] and ul-ti-mately draw from the a
r-ti-facts re-freshed via []\T1/zi4/m/n/10 run_binned_pipeline()[]\T1/ptm/m/n/1
0 . 
[2] [3] [4]
Overfull \hbox (74.92752pt too wide) in paragraph at lines 294--295
[]\T1/ptm/m/n/10 These tib-bles cap-ture the re-cip-ro-cal square-root ex-plo-r
ation datasets gen-er-ated by []\T1/zi4/m/n/10 run_deconstruction_pipeline()[]\
T1/ptm/m/n/10 .
[5]
Overfull \hbox (21.87967pt too wide) in paragraph at lines 330--331
[]\T1/zi4/m/n/10 run_deconstruction_pipeline() []\T1/ptm/m/n/10 for re-gen-er-a
-tion in-struc-tions and [][][]\T1/zi4/m/n/10 prep_deconstruction_combined[][][
]

Overfull \hbox (18.71825pt too wide) in paragraph at lines 343--347
\T1/ptm/m/n/10 func-tion ex-pects prepped data from the \T1/zi4/m/n/10 prep_dec
onstruction_*() \T1/ptm/m/n/10 fam-ily and re-turns a [][]gg-plot2::ggplot[][][
]
[6]
Overfull \hbox (11.74826pt too wide) in paragraph at lines 386--389
[]\T1/zi4/m/n/10 run_deconstruction_pipeline() []\T1/ptm/m/n/10 for re-gen-er-a
t-ing the source datasets and [][]trans-form_deconstruction[][][]

Overfull \hbox (112.91759pt too wide) in paragraph at lines 399--403
[]\T1/ptm/m/n/10 These datasets mir-ror the CSV ar-ti-facts stored un-der \T1/z
i4/m/n/10 inst/extdata/ \T1/ptm/m/n/10 and are pro-duced by []\T1/zi4/m/n/10 da
ta-raw/prepare_binned_data.R[]\T1/ptm/m/n/10 .
[7] [8] [9]
Overfull \hbox (78.66853pt too wide) in paragraph at lines 530--533
[]\T1/zi4/m/n/10 run_deconstruction_pipeline() []\T1/ptm/m/n/10 for re-gen-er-a
t-ing the his-tor-i-cal com-par-i-son datasets and [][][]\T1/zi4/m/n/10 prep_ex
ample_samples()[][][]
[10] [11]
Overfull \hbox (25.10898pt too wide) in paragraph at lines 625--628
[]\T1/zi4/m/n/10 run_binned_pipeline() []\T1/ptm/m/n/10 for re-gen-er-at-ing th
e op-ti-miza-tion land-scapes and [][][]\T1/zi4/m/n/10 prep_optimized_results()
[][][]
[12] [13] [14]
Overfull \hbox (26.83713pt too wide) in paragraph at lines 790--793
\T1/ptm/m/n/10 tions re-turn ready-to-plot data frames or lists of de-rived sta
tis-tics pro-duced af-ter []\T1/zi4/m/n/10 run_binned_pipeline()[]\T1/ptm/m/n/1
0 . 
[15]
Overfull \hbox (0.25838pt too wide) in paragraph at lines 903--906
[]\T1/zi4/m/n/10 run_deconstruction_pipeline() []\T1/ptm/m/n/10 for re-fresh-in
g the un-der-ly-ing datasets and [][]de-con-struc-tion_plots[][][]
No file Rd2.ind.
[16]
(/private/var/folders/ff/qyyjgwss7m110t6fnj2qtpjr0000gn/T/RtmphudFs5/Rd2pdfab19
3e84a8a8/Rd2.aux)

Package rerunfilecheck Warning: File `Rd2.out' has changed.
(rerunfilecheck)                Rerun to get outlines right
(rerunfilecheck)                or use package `bookmark'.

 )
(see the transcript file for additional information)
pdfTeX warning (dest): name{Rfn.frsrr::frsr\(\)} has been referenced but does n
ot exist, replaced by a fixed one


pdfTeX warning (dest): name{Rfn.ggplot2::ggplot} has been referenced but does n
ot exist, replaced by a fixed one

</usr/local/texlive/2024/texmf-dist/fonts/type1/public/inconsolata/Inconsolata-
zi4r.pfb></usr/local/texlive/2024/texmf-dist/fonts/type1/public/amsfonts/cm/cmm
i10.pfb></usr/local/texlive/2024/texmf-dist/fonts/type1/public/amsfonts/cm/cmr1
0.pfb></usr/local/texlive/2024/texmf-dist/fonts/type1/urw/times/utmb8a.pfb></us
r/local/texlive/2024/texmf-dist/fonts/type1/urw/times/utmr8a.pfb></usr/local/te
xlive/2024/texmf-dist/fonts/type1/urw/times/utmr8a.pfb></usr/local/texlive/2024
/texmf-dist/fonts/type1/urw/times/utmri8a.pfb>
Output written on Rd2.pdf (16 pages, 125730 bytes).
Transcript written on Rd2.log.
This is makeindex, version 2.17 [TeX Live 2024] (kpathsea + Thai support).
Scanning input file Rd2.idx....done (114 entries accepted, 0 rejected).
Sorting entries....done (832 comparisons).
Generating output file Rd2.ind....done (219 lines written, 0 warnings).
Output written in Rd2.ind.
Transcript written in Rd2.ilg.
This is pdfTeX, Version 3.141592653-2.6-1.40.26 (TeX Live 2024) (preloaded format=pdflatex)
 restricted \write18 enabled.
entering extended mode
LaTeX2e <2023-11-01> patch level 1
L3 programming layer <2024-02-20>
(./Rd2.tex
(/usr/local/texlive/2024/texmf-dist/tex/latex/base/book.cls
Document Class: book 2023/05/17 v1.4n Standard LaTeX document class
(/usr/local/texlive/2024/texmf-dist/tex/latex/base/bk10.clo))
(/Library/Frameworks/R.framework/Resources/share/texmf/tex/latex/Rd.sty
(/usr/local/texlive/2024/texmf-dist/tex/latex/base/ifthen.sty)
(/usr/local/texlive/2024/texmf-dist/tex/generic/iftex/iftex.sty)
(/usr/local/texlive/2024/texmf-dist/tex/latex/tools/longtable.sty)
(/usr/local/texlive/2024/texmf-dist/tex/latex/tools/bm.sty)
(/usr/local/texlive/2024/texmf-dist/tex/latex/base/alltt.sty)
(/usr/local/texlive/2024/texmf-dist/tex/latex/tools/verbatim.sty)
(/usr/local/texlive/2024/texmf-dist/tex/latex/url/url.sty)
(/usr/local/texlive/2024/texmf-dist/tex/latex/base/textcomp.sty)
(/usr/local/texlive/2024/texmf-dist/tex/latex/amsmath/amsmath.sty
For additional information on amsmath, use the `?' option.
(/usr/local/texlive/2024/texmf-dist/tex/latex/amsmath/amstext.sty
(/usr/local/texlive/2024/texmf-dist/tex/latex/amsmath/amsgen.sty))
(/usr/local/texlive/2024/texmf-dist/tex/latex/amsmath/amsbsy.sty)
(/usr/local/texlive/2024/texmf-dist/tex/latex/amsmath/amsopn.sty))
(/usr/local/texlive/2024/texmf-dist/tex/latex/amsfonts/amsfonts.sty)
(/usr/local/texlive/2024/texmf-dist/tex/latex/amsfonts/amssymb.sty)
(/usr/local/texlive/2024/texmf-dist/tex/latex/jknapltx/mathrsfs.sty)
(/usr/local/texlive/2024/texmf-dist/tex/latex/base/fontenc.sty)
(/usr/local/texlive/2024/texmf-dist/tex/latex/psnfss/times.sty)
(/usr/local/texlive/2024/texmf-dist/tex/latex/inconsolata/zi4.sty
`inconsolata-zi4' v1.12, 2019/05/17 Text macros for Inconsolata (msharpe)
(/usr/local/texlive/2024/texmf-dist/tex/latex/xkeyval/xkeyval.sty
(/usr/local/texlive/2024/texmf-dist/tex/generic/xkeyval/xkeyval.tex
(/usr/local/texlive/2024/texmf-dist/tex/generic/xkeyval/xkvutils.tex
(/usr/local/texlive/2024/texmf-dist/tex/generic/xkeyval/keyval.tex)))))
(/usr/local/texlive/2024/texmf-dist/tex/latex/graphics/color.sty
(/usr/local/texlive/2024/texmf-dist/tex/latex/graphics-cfg/color.cfg)
(/usr/local/texlive/2024/texmf-dist/tex/latex/graphics-def/pdftex.def)
(/usr/local/texlive/2024/texmf-dist/tex/latex/graphics/mathcolor.ltx))
(/usr/local/texlive/2024/texmf-dist/tex/latex/hyperref/hyperref.sty
(/usr/local/texlive/2024/texmf-dist/tex/latex/kvsetkeys/kvsetkeys.sty)
(/usr/local/texlive/2024/texmf-dist/tex/generic/kvdefinekeys/kvdefinekeys.sty)
(/usr/local/texlive/2024/texmf-dist/tex/generic/pdfescape/pdfescape.sty
(/usr/local/texlive/2024/texmf-dist/tex/generic/ltxcmds/ltxcmds.sty)
(/usr/local/texlive/2024/texmf-dist/tex/generic/pdftexcmds/pdftexcmds.sty
(/usr/local/texlive/2024/texmf-dist/tex/generic/infwarerr/infwarerr.sty)))
(/usr/local/texlive/2024/texmf-dist/tex/latex/hycolor/hycolor.sty)
(/usr/local/texlive/2024/texmf-dist/tex/latex/auxhook/auxhook.sty)
(/usr/local/texlive/2024/texmf-dist/tex/latex/hyperref/nameref.sty
(/usr/local/texlive/2024/texmf-dist/tex/latex/refcount/refcount.sty)
(/usr/local/texlive/2024/texmf-dist/tex/generic/gettitlestring/gettitlestring.s
ty (/usr/local/texlive/2024/texmf-dist/tex/latex/kvoptions/kvoptions.sty)))
(/usr/local/texlive/2024/texmf-dist/tex/latex/etoolbox/etoolbox.sty)
(/usr/local/texlive/2024/texmf-dist/tex/latex/hyperref/pd1enc.def)
(/usr/local/texlive/2024/texmf-dist/tex/generic/intcalc/intcalc.sty)
(/usr/local/texlive/2024/texmf-dist/tex/latex/hyperref/puenc.def)
(/usr/local/texlive/2024/texmf-dist/tex/generic/bitset/bitset.sty
(/usr/local/texlive/2024/texmf-dist/tex/generic/bigintcalc/bigintcalc.sty))
(/usr/local/texlive/2024/texmf-dist/tex/latex/base/atbegshi-ltx.sty))
(/usr/local/texlive/2024/texmf-dist/tex/latex/hyperref/hpdftex.def
(/usr/local/texlive/2024/texmf-dist/tex/latex/base/atveryend-ltx.sty)
(/usr/local/texlive/2024/texmf-dist/tex/latex/rerunfilecheck/rerunfilecheck.sty

(/usr/local/texlive/2024/texmf-dist/tex/generic/uniquecounter/uniquecounter.sty
)))) (/usr/local/texlive/2024/texmf-dist/tex/latex/base/makeidx.sty)
Writing index file Rd2.idx
(/usr/local/texlive/2024/texmf-dist/tex/latex/psnfss/t1ptm.fd)
(/usr/local/texlive/2024/texmf-dist/tex/latex/l3backend/l3backend-pdftex.def)
(/private/var/folders/ff/qyyjgwss7m110t6fnj2qtpjr0000gn/T/RtmphudFs5/Rd2pdfab19
3e84a8a8/Rd2.aux)
(/usr/local/texlive/2024/texmf-dist/tex/context/base/mkii/supp-pdf.mkii
[Loading MPS to PDF converter (version 2006.09.02).]
)
(/private/var/folders/ff/qyyjgwss7m110t6fnj2qtpjr0000gn/T/RtmphudFs5/Rd2pdfab19
3e84a8a8/Rd2.out)
(/private/var/folders/ff/qyyjgwss7m110t6fnj2qtpjr0000gn/T/RtmphudFs5/Rd2pdfab19
3e84a8a8/Rd2.out)
(/usr/local/texlive/2024/texmf-dist/tex/latex/inconsolata/t1zi4.fd)
(/private/var/folders/ff/qyyjgwss7m110t6fnj2qtpjr0000gn/T/RtmphudFs5/Rd2pdfab19
3e84a8a8/Rd2.toc (/usr/local/texlive/2024/texmf-dist/tex/latex/amsfonts/umsa.fd
) (/usr/local/texlive/2024/texmf-dist/tex/latex/amsfonts/umsb.fd)
(/usr/local/texlive/2024/texmf-dist/tex/latex/jknapltx/ursfs.fd) [1{/usr/local/
texlive/2024/texmf-var/fonts/map/pdftex/updmap/pdftex.map}{/usr/local/texlive/2
024/texmf-dist/fonts/enc/dvips/base/8r.enc}{/usr/local/texlive/2024/texmf-dist/
fonts/enc/dvips/inconsolata/i4-t1-0.enc}])
Overfull \hbox (3.74791pt too wide) in paragraph at lines 69--72
\T1/ptm/m/n/10 by [][]trans-form_binning[][][] and ul-ti-mately draw from the a
r-ti-facts re-freshed via []\T1/zi4/m/n/10 run_binned_pipeline()[]\T1/ptm/m/n/1
0 . 
[2] [3] [4] [5]
Overfull \hbox (74.92752pt too wide) in paragraph at lines 294--295
[]\T1/ptm/m/n/10 These tib-bles cap-ture the re-cip-ro-cal square-root ex-plo-r
ation datasets gen-er-ated by []\T1/zi4/m/n/10 run_deconstruction_pipeline()[]\
T1/ptm/m/n/10 .
[6]
Overfull \hbox (21.87967pt too wide) in paragraph at lines 330--331
[]\T1/zi4/m/n/10 run_deconstruction_pipeline() []\T1/ptm/m/n/10 for re-gen-er-a
-tion in-struc-tions and [][][]\T1/zi4/m/n/10 prep_deconstruction_combined[][][
]

Overfull \hbox (18.71825pt too wide) in paragraph at lines 343--347
\T1/ptm/m/n/10 func-tion ex-pects prepped data from the \T1/zi4/m/n/10 prep_dec
onstruction_*() \T1/ptm/m/n/10 fam-ily and re-turns a [][]gg-plot2::ggplot[][][
]
[7]
Overfull \hbox (11.74826pt too wide) in paragraph at lines 386--389
[]\T1/zi4/m/n/10 run_deconstruction_pipeline() []\T1/ptm/m/n/10 for re-gen-er-a
t-ing the source datasets and [][]trans-form_deconstruction[][][]

Overfull \hbox (112.91759pt too wide) in paragraph at lines 399--403
[]\T1/ptm/m/n/10 These datasets mir-ror the CSV ar-ti-facts stored un-der \T1/z
i4/m/n/10 inst/extdata/ \T1/ptm/m/n/10 and are pro-duced by []\T1/zi4/m/n/10 da
ta-raw/prepare_binned_data.R[]\T1/ptm/m/n/10 .
[8] [9]
Overfull \hbox (78.66853pt too wide) in paragraph at lines 530--533
[]\T1/zi4/m/n/10 run_deconstruction_pipeline() []\T1/ptm/m/n/10 for re-gen-er-a
t-ing the his-tor-i-cal com-par-i-son datasets and [][][]\T1/zi4/m/n/10 prep_ex
ample_samples()[][][]
[10] [11]
Overfull \hbox (25.10898pt too wide) in paragraph at lines 625--628
[]\T1/zi4/m/n/10 run_binned_pipeline() []\T1/ptm/m/n/10 for re-gen-er-at-ing th
e op-ti-miza-tion land-scapes and [][][]\T1/zi4/m/n/10 prep_optimized_results()
[][][]
[12] [13] [14]
Overfull \hbox (26.83713pt too wide) in paragraph at lines 790--793
\T1/ptm/m/n/10 tions re-turn ready-to-plot data frames or lists of de-rived sta
tis-tics pro-duced af-ter []\T1/zi4/m/n/10 run_binned_pipeline()[]\T1/ptm/m/n/1
0 . 
[15]
Overfull \hbox (0.25838pt too wide) in paragraph at lines 903--906
[]\T1/zi4/m/n/10 run_deconstruction_pipeline() []\T1/ptm/m/n/10 for re-fresh-in
g the un-der-ly-ing datasets and [][]de-con-struc-tion_plots[][][]

(/private/var/folders/ff/qyyjgwss7m110t6fnj2qtpjr0000gn/T/RtmphudFs5/Rd2pdfab19
3e84a8a8/Rd2.ind [16]

LaTeX Font Warning: Font shape `T1/zi4/m/it' undefined
(Font)              using `T1/zi4/m/n' instead on input line 17.

[17] [18])
(/private/var/folders/ff/qyyjgwss7m110t6fnj2qtpjr0000gn/T/RtmphudFs5/Rd2pdfab19
3e84a8a8/Rd2.aux)

LaTeX Font Warning: Some font shapes were not available, defaults substituted.


Package rerunfilecheck Warning: File `Rd2.out' has changed.
(rerunfilecheck)                Rerun to get outlines right
(rerunfilecheck)                or use package `bookmark'.

 )
(see the transcript file for additional information)
pdfTeX warning (dest): name{Rfn.frsrr::frsr\(\)} has been referenced but does n
ot exist, replaced by a fixed one


pdfTeX warning (dest): name{Rfn.ggplot2::ggplot} has been referenced but does n
ot exist, replaced by a fixed one

</usr/local/texlive/2024/texmf-dist/fonts/type1/public/inconsolata/Inconsolata-
zi4r.pfb></usr/local/texlive/2024/texmf-dist/fonts/type1/public/amsfonts/cm/cmm
i10.pfb></usr/local/texlive/2024/texmf-dist/fonts/type1/public/amsfonts/cm/cmr1
0.pfb></usr/local/texlive/2024/texmf-dist/fonts/type1/public/amsfonts/cm/cmsy10
.pfb></usr/local/texlive/2024/texmf-dist/fonts/type1/urw/times/utmb8a.pfb></usr
/local/texlive/2024/texmf-dist/fonts/type1/urw/times/utmr8a.pfb></usr/local/tex
live/2024/texmf-dist/fonts/type1/urw/times/utmr8a.pfb></usr/local/texlive/2024/
texmf-dist/fonts/type1/urw/times/utmri8a.pfb>
Output written on Rd2.pdf (18 pages, 145680 bytes).
Transcript written on Rd2.log.
This is makeindex, version 2.17 [TeX Live 2024] (kpathsea + Thai support).
Scanning input file Rd2.idx....done (114 entries accepted, 0 rejected).
Sorting entries....done (830 comparisons).
Generating output file Rd2.ind....done (219 lines written, 0 warnings).
Output written in Rd2.ind.
Transcript written in Rd2.ilg.
This is pdfTeX, Version 3.141592653-2.6-1.40.26 (TeX Live 2024) (preloaded format=pdflatex)
 restricted \write18 enabled.
entering extended mode
LaTeX2e <2023-11-01> patch level 1
L3 programming layer <2024-02-20>
(./Rd2.tex
(/usr/local/texlive/2024/texmf-dist/tex/latex/base/book.cls
Document Class: book 2023/05/17 v1.4n Standard LaTeX document class
(/usr/local/texlive/2024/texmf-dist/tex/latex/base/bk10.clo))
(/Library/Frameworks/R.framework/Resources/share/texmf/tex/latex/Rd.sty
(/usr/local/texlive/2024/texmf-dist/tex/latex/base/ifthen.sty)
(/usr/local/texlive/2024/texmf-dist/tex/generic/iftex/iftex.sty)
(/usr/local/texlive/2024/texmf-dist/tex/latex/tools/longtable.sty)
(/usr/local/texlive/2024/texmf-dist/tex/latex/tools/bm.sty)
(/usr/local/texlive/2024/texmf-dist/tex/latex/base/alltt.sty)
(/usr/local/texlive/2024/texmf-dist/tex/latex/tools/verbatim.sty)
(/usr/local/texlive/2024/texmf-dist/tex/latex/url/url.sty)
(/usr/local/texlive/2024/texmf-dist/tex/latex/base/textcomp.sty)
(/usr/local/texlive/2024/texmf-dist/tex/latex/amsmath/amsmath.sty
For additional information on amsmath, use the `?' option.
(/usr/local/texlive/2024/texmf-dist/tex/latex/amsmath/amstext.sty
(/usr/local/texlive/2024/texmf-dist/tex/latex/amsmath/amsgen.sty))
(/usr/local/texlive/2024/texmf-dist/tex/latex/amsmath/amsbsy.sty)
(/usr/local/texlive/2024/texmf-dist/tex/latex/amsmath/amsopn.sty))
(/usr/local/texlive/2024/texmf-dist/tex/latex/amsfonts/amsfonts.sty)
(/usr/local/texlive/2024/texmf-dist/tex/latex/amsfonts/amssymb.sty)
(/usr/local/texlive/2024/texmf-dist/tex/latex/jknapltx/mathrsfs.sty)
(/usr/local/texlive/2024/texmf-dist/tex/latex/base/fontenc.sty)
(/usr/local/texlive/2024/texmf-dist/tex/latex/psnfss/times.sty)
(/usr/local/texlive/2024/texmf-dist/tex/latex/inconsolata/zi4.sty
`inconsolata-zi4' v1.12, 2019/05/17 Text macros for Inconsolata (msharpe)
(/usr/local/texlive/2024/texmf-dist/tex/latex/xkeyval/xkeyval.sty
(/usr/local/texlive/2024/texmf-dist/tex/generic/xkeyval/xkeyval.tex
(/usr/local/texlive/2024/texmf-dist/tex/generic/xkeyval/xkvutils.tex
(/usr/local/texlive/2024/texmf-dist/tex/generic/xkeyval/keyval.tex)))))
(/usr/local/texlive/2024/texmf-dist/tex/latex/graphics/color.sty
(/usr/local/texlive/2024/texmf-dist/tex/latex/graphics-cfg/color.cfg)
(/usr/local/texlive/2024/texmf-dist/tex/latex/graphics-def/pdftex.def)
(/usr/local/texlive/2024/texmf-dist/tex/latex/graphics/mathcolor.ltx))
(/usr/local/texlive/2024/texmf-dist/tex/latex/hyperref/hyperref.sty
(/usr/local/texlive/2024/texmf-dist/tex/latex/kvsetkeys/kvsetkeys.sty)
(/usr/local/texlive/2024/texmf-dist/tex/generic/kvdefinekeys/kvdefinekeys.sty)
(/usr/local/texlive/2024/texmf-dist/tex/generic/pdfescape/pdfescape.sty
(/usr/local/texlive/2024/texmf-dist/tex/generic/ltxcmds/ltxcmds.sty)
(/usr/local/texlive/2024/texmf-dist/tex/generic/pdftexcmds/pdftexcmds.sty
(/usr/local/texlive/2024/texmf-dist/tex/generic/infwarerr/infwarerr.sty)))
(/usr/local/texlive/2024/texmf-dist/tex/latex/hycolor/hycolor.sty)
(/usr/local/texlive/2024/texmf-dist/tex/latex/auxhook/auxhook.sty)
(/usr/local/texlive/2024/texmf-dist/tex/latex/hyperref/nameref.sty
(/usr/local/texlive/2024/texmf-dist/tex/latex/refcount/refcount.sty)
(/usr/local/texlive/2024/texmf-dist/tex/generic/gettitlestring/gettitlestring.s
ty (/usr/local/texlive/2024/texmf-dist/tex/latex/kvoptions/kvoptions.sty)))
(/usr/local/texlive/2024/texmf-dist/tex/latex/etoolbox/etoolbox.sty)
(/usr/local/texlive/2024/texmf-dist/tex/latex/hyperref/pd1enc.def)
(/usr/local/texlive/2024/texmf-dist/tex/generic/intcalc/intcalc.sty)
(/usr/local/texlive/2024/texmf-dist/tex/latex/hyperref/puenc.def)
(/usr/local/texlive/2024/texmf-dist/tex/generic/bitset/bitset.sty
(/usr/local/texlive/2024/texmf-dist/tex/generic/bigintcalc/bigintcalc.sty))
(/usr/local/texlive/2024/texmf-dist/tex/latex/base/atbegshi-ltx.sty))
(/usr/local/texlive/2024/texmf-dist/tex/latex/hyperref/hpdftex.def
(/usr/local/texlive/2024/texmf-dist/tex/latex/base/atveryend-ltx.sty)
(/usr/local/texlive/2024/texmf-dist/tex/latex/rerunfilecheck/rerunfilecheck.sty

(/usr/local/texlive/2024/texmf-dist/tex/generic/uniquecounter/uniquecounter.sty
)))) (/usr/local/texlive/2024/texmf-dist/tex/latex/base/makeidx.sty)
Writing index file Rd2.idx
(/usr/local/texlive/2024/texmf-dist/tex/latex/psnfss/t1ptm.fd)
(/usr/local/texlive/2024/texmf-dist/tex/latex/l3backend/l3backend-pdftex.def)
(/private/var/folders/ff/qyyjgwss7m110t6fnj2qtpjr0000gn/T/RtmphudFs5/Rd2pdfab19
3e84a8a8/Rd2.aux)
(/usr/local/texlive/2024/texmf-dist/tex/context/base/mkii/supp-pdf.mkii
[Loading MPS to PDF converter (version 2006.09.02).]
)
(/private/var/folders/ff/qyyjgwss7m110t6fnj2qtpjr0000gn/T/RtmphudFs5/Rd2pdfab19
3e84a8a8/Rd2.out)
(/private/var/folders/ff/qyyjgwss7m110t6fnj2qtpjr0000gn/T/RtmphudFs5/Rd2pdfab19
3e84a8a8/Rd2.out)
(/usr/local/texlive/2024/texmf-dist/tex/latex/inconsolata/t1zi4.fd)
(/private/var/folders/ff/qyyjgwss7m110t6fnj2qtpjr0000gn/T/RtmphudFs5/Rd2pdfab19
3e84a8a8/Rd2.toc (/usr/local/texlive/2024/texmf-dist/tex/latex/amsfonts/umsa.fd
) (/usr/local/texlive/2024/texmf-dist/tex/latex/amsfonts/umsb.fd)
(/usr/local/texlive/2024/texmf-dist/tex/latex/jknapltx/ursfs.fd) [1{/usr/local/
texlive/2024/texmf-var/fonts/map/pdftex/updmap/pdftex.map}{/usr/local/texlive/2
024/texmf-dist/fonts/enc/dvips/base/8r.enc}{/usr/local/texlive/2024/texmf-dist/
fonts/enc/dvips/inconsolata/i4-t1-0.enc}])
Overfull \hbox (3.74791pt too wide) in paragraph at lines 69--72
\T1/ptm/m/n/10 by [][]trans-form_binning[][][] and ul-ti-mately draw from the a
r-ti-facts re-freshed via []\T1/zi4/m/n/10 run_binned_pipeline()[]\T1/ptm/m/n/1
0 . 
[2] [3] [4] [5]
Overfull \hbox (74.92752pt too wide) in paragraph at lines 294--295
[]\T1/ptm/m/n/10 These tib-bles cap-ture the re-cip-ro-cal square-root ex-plo-r
ation datasets gen-er-ated by []\T1/zi4/m/n/10 run_deconstruction_pipeline()[]\
T1/ptm/m/n/10 .
[6]
Overfull \hbox (21.87967pt too wide) in paragraph at lines 330--331
[]\T1/zi4/m/n/10 run_deconstruction_pipeline() []\T1/ptm/m/n/10 for re-gen-er-a
-tion in-struc-tions and [][][]\T1/zi4/m/n/10 prep_deconstruction_combined[][][
]

Overfull \hbox (18.71825pt too wide) in paragraph at lines 343--347
\T1/ptm/m/n/10 func-tion ex-pects prepped data from the \T1/zi4/m/n/10 prep_dec
onstruction_*() \T1/ptm/m/n/10 fam-ily and re-turns a [][]gg-plot2::ggplot[][][
]
[7]
Overfull \hbox (11.74826pt too wide) in paragraph at lines 386--389
[]\T1/zi4/m/n/10 run_deconstruction_pipeline() []\T1/ptm/m/n/10 for re-gen-er-a
t-ing the source datasets and [][]trans-form_deconstruction[][][]

Overfull \hbox (112.91759pt too wide) in paragraph at lines 399--403
[]\T1/ptm/m/n/10 These datasets mir-ror the CSV ar-ti-facts stored un-der \T1/z
i4/m/n/10 inst/extdata/ \T1/ptm/m/n/10 and are pro-duced by []\T1/zi4/m/n/10 da
ta-raw/prepare_binned_data.R[]\T1/ptm/m/n/10 .
[8] [9]
Overfull \hbox (78.66853pt too wide) in paragraph at lines 530--533
[]\T1/zi4/m/n/10 run_deconstruction_pipeline() []\T1/ptm/m/n/10 for re-gen-er-a
t-ing the his-tor-i-cal com-par-i-son datasets and [][][]\T1/zi4/m/n/10 prep_ex
ample_samples()[][][]
[10] [11]
Overfull \hbox (25.10898pt too wide) in paragraph at lines 625--628
[]\T1/zi4/m/n/10 run_binned_pipeline() []\T1/ptm/m/n/10 for re-gen-er-at-ing th
e op-ti-miza-tion land-scapes and [][][]\T1/zi4/m/n/10 prep_optimized_results()
[][][]
[12] [13] [14]
Overfull \hbox (26.83713pt too wide) in paragraph at lines 790--793
\T1/ptm/m/n/10 tions re-turn ready-to-plot data frames or lists of de-rived sta
tis-tics pro-duced af-ter []\T1/zi4/m/n/10 run_binned_pipeline()[]\T1/ptm/m/n/1
0 . 
[15]
Overfull \hbox (0.25838pt too wide) in paragraph at lines 903--906
[]\T1/zi4/m/n/10 run_deconstruction_pipeline() []\T1/ptm/m/n/10 for re-fresh-in
g the un-der-ly-ing datasets and [][]de-con-struc-tion_plots[][][]

(/private/var/folders/ff/qyyjgwss7m110t6fnj2qtpjr0000gn/T/RtmphudFs5/Rd2pdfab19
3e84a8a8/Rd2.ind [16]

LaTeX Font Warning: Font shape `T1/zi4/m/it' undefined
(Font)              using `T1/zi4/m/n' instead on input line 17.

[17] [18])
(/private/var/folders/ff/qyyjgwss7m110t6fnj2qtpjr0000gn/T/RtmphudFs5/Rd2pdfab19
3e84a8a8/Rd2.aux)

LaTeX Font Warning: Some font shapes were not available, defaults substituted.

 )
(see the transcript file for additional information)
pdfTeX warning (dest): name{Rfn.frsrr::frsr\(\)} has been referenced but does n
ot exist, replaced by a fixed one


pdfTeX warning (dest): name{Rfn.ggplot2::ggplot} has been referenced but does n
ot exist, replaced by a fixed one

</usr/local/texlive/2024/texmf-dist/fonts/type1/public/inconsolata/Inconsolata-
zi4r.pfb></usr/local/texlive/2024/texmf-dist/fonts/type1/public/amsfonts/cm/cmm
i10.pfb></usr/local/texlive/2024/texmf-dist/fonts/type1/public/amsfonts/cm/cmr1
0.pfb></usr/local/texlive/2024/texmf-dist/fonts/type1/public/amsfonts/cm/cmsy10
.pfb></usr/local/texlive/2024/texmf-dist/fonts/type1/urw/times/utmb8a.pfb></usr
/local/texlive/2024/texmf-dist/fonts/type1/urw/times/utmr8a.pfb></usr/local/tex
live/2024/texmf-dist/fonts/type1/urw/times/utmr8a.pfb></usr/local/texlive/2024/
texmf-dist/fonts/type1/urw/times/utmri8a.pfb>
Output written on Rd2.pdf (18 pages, 146363 bytes).
Transcript written on Rd2.log.
Saving output to 'visualfrsr-manual.pdf' ...
Done
You may want to clean up by 'rm -Rf /var/folders/ff/qyyjgwss7m110t6fnj2qtpjr0000gn/T//RtmphudFs5/Rd2pdfab193e84a8a8'
